<?xml version="1.0" encoding="UTF-8" ?>
<testsuite failures="0" time="32.596" errors="0" skipped="0" tests="1" name="org.ttjhome.html.struts.TestCandidateAction">
  <properties>
    <property name="java.runtime.name" value="Java(TM) SE Runtime Environment"/>
    <property name="sun.boot.library.path" value="c:\Program Files\Java\jdk1.7.0_45\jre\bin"/>
    <property name="java.vm.version" value="24.45-b08"/>
    <property name="java.vm.vendor" value="Oracle Corporation"/>
    <property name="java.vendor.url" value="http://java.oracle.com/"/>
    <property name="path.separator" value=";"/>
    <property name="java.vm.name" value="Java HotSpot(TM) 64-Bit Server VM"/>
    <property name="file.encoding.pkg" value="sun.io"/>
    <property name="user.script" value=""/>
    <property name="user.country" value="CN"/>
    <property name="sun.java.launcher" value="SUN_STANDARD"/>
    <property name="sun.os.patch.level" value="Service Pack 1"/>
    <property name="java.vm.specification.name" value="Java Virtual Machine Specification"/>
    <property name="user.dir" value="c:\home\liasu\repository\pjm3\simpleDemo"/>
    <property name="java.runtime.version" value="1.7.0_45-b18"/>
    <property name="java.awt.graphicsenv" value="sun.awt.Win32GraphicsEnvironment"/>
    <property name="basedir" value="c:\home\liasu\repository\pjm3\simpleDemo"/>
    <property name="java.endorsed.dirs" value="c:\Program Files\Java\jdk1.7.0_45\jre\lib\endorsed"/>
    <property name="os.arch" value="amd64"/>
    <property name="surefire.real.class.path" value="c:\home\liasu\repository\pjm3\simpleDemo\target\surefire\surefirebooter8077151750121117654.jar"/>
    <property name="java.io.tmpdir" value="C:\Users\liasu\AppData\Local\Temp\"/>
    <property name="line.separator" value="
"/>
    <property name="java.vm.specification.vendor" value="Oracle Corporation"/>
    <property name="user.variant" value=""/>
    <property name="os.name" value="Windows 7"/>
    <property name="sun.jnu.encoding" value="GBK"/>
    <property name="java.library.path" value="c:\Program Files\Java\jdk1.7.0_45\jre\bin;C:\WINDOWS\Sun\Java\bin;C:\WINDOWS\system32;C:\WINDOWS;c:\Users\liasu\bin;.;C:\Program Files (x86)\Git\local\bin;C:\Program Files (x86)\Git\mingw\bin;C:\Program Files (x86)\Git\bin;c:\Program Files\Java\jdk1.7.0_45\bin;c:\Program Files\Common Files\Microsoft Shared\Windows Live;c:\Program Files (x86)\Common Files\Microsoft Shared\Windows Live;c:\WINDOWS\system32;c:\WINDOWS\system;c:\WINDOWS;c:\Program Files (x86)\Libvirt\bin\;c:\home\liasu\dev\apache-maven-3.0.3\bin;c:\home\liasu\bin\apache-ant-1.8.2\bin;c:\Windows\System32\Wbem;c:\Windows\System32\WindowsPowerShell\v1.0\;c:\home\liasu\dev\mongodb-win32-x86_64-1.8.2\bin;c:\Python27\;c:\Users\liasu\Vim\vim73;c:\Program Files (x86)\ICBCEbankTools\Gemplus\GemSafe Libraries\BIN\;c:\Program Files\MySQL\MySQL Server 5.5\bin;c:\Program Files (x86)\Windows Live\Shared;c:\Program Files\Microsoft\Web Platform Installer\;c:\Program Files (x86)\Microsoft ASP.NET\ASP.NET Web Pages\v1.0\;c:\Program Files (x86)\Windows Kits\8.0\Windows Performance Toolkit\;c:\Program Files\Microsoft SQL Server\110\Tools\Bin\;c:\Program Files (x86)\GNU\GnuPG\pub;c:\Program Files\Intel\WiFi\bin\;c:\Program Files\Common Files\Intel\WirelessCommon\;c:\home\liasu\dev\curl-7.21.7-ssl-sspi-zlib-static-bin-w32;c:\Program Files\TortoiseGit\bin;c:\Users\liasu\Desktop\;c:\Dev-Cpp\bin;c:\home\liasu\dev\play-2.1.1;."/>
    <property name="surefire.test.class.path" value="c:\home\liasu\repository\pjm3\simpleDemo\target\test-classes;c:\home\liasu\repository\pjm3\simpleDemo\target\classes;c:\maven.repo\liasu\ebox\junit\junit\3.8.1\junit-3.8.1.jar;c:\maven.repo\liasu\ebox\struts\struts\1.2.4\struts-1.2.4.jar;c:\maven.repo\liasu\ebox\commons-beanutils\commons-beanutils\1.6.1\commons-beanutils-1.6.1.jar;c:\maven.repo\liasu\ebox\commons-collections\commons-collections\2.1\commons-collections-2.1.jar;c:\maven.repo\liasu\ebox\commons-digester\commons-digester\1.5\commons-digester-1.5.jar;c:\maven.repo\liasu\ebox\xml-apis\xml-apis\1.0.b2\xml-apis-1.0.b2.jar;c:\maven.repo\liasu\ebox\commons-fileupload\commons-fileupload\1.0\commons-fileupload-1.0.jar;c:\maven.repo\liasu\ebox\commons-logging\commons-logging\1.0.4\commons-logging-1.0.4.jar;c:\maven.repo\liasu\ebox\commons-validator\commons-validator\1.1.3\commons-validator-1.1.3.jar;c:\maven.repo\liasu\ebox\oro\oro\2.0.7\oro-2.0.7.jar;c:\maven.repo\liasu\ebox\antlr\antlr\2.7.2\antlr-2.7.2.jar;c:\maven.repo\liasu\ebox\commons-lang\commons-lang\2.0\commons-lang-2.0.jar;c:\maven.repo\liasu\ebox\javax\servlet\servlet-api\2.4\servlet-api-2.4.jar;c:\maven.repo\liasu\ebox\org\slf4j\slf4j-api\1.6.1\slf4j-api-1.6.1.jar;c:\maven.repo\liasu\ebox\strutstestcase\strutstestcase\2.1.2-1.1-2.3\strutstestcase-2.1.2-1.1-2.3.jar;c:\maven.repo\liasu\ebox\javax\servlet\jstl\1.1.0\jstl-1.1.0.jar;c:\maven.repo\liasu\ebox\javax\servlet\jsp-api\2.0\jsp-api-2.0.jar;c:\maven.repo\liasu\ebox\taglibs\standard\1.1.2\standard-1.1.2.jar;"/>
    <property name="java.specification.name" value="Java Platform API Specification"/>
    <property name="java.class.version" value="51.0"/>
    <property name="sun.management.compiler" value="HotSpot 64-Bit Tiered Compilers"/>
    <property name="os.version" value="6.1"/>
    <property name="user.home" value="C:\Users\liasu"/>
    <property name="user.timezone" value="Asia/Shanghai"/>
    <property name="java.awt.printerjob" value="sun.awt.windows.WPrinterJob"/>
    <property name="java.specification.version" value="1.7"/>
    <property name="file.encoding" value="GBK"/>
    <property name="user.name" value="liasu"/>
    <property name="java.class.path" value="c:\home\liasu\repository\pjm3\simpleDemo\target\test-classes;c:\home\liasu\repository\pjm3\simpleDemo\target\classes;c:\maven.repo\liasu\ebox\junit\junit\3.8.1\junit-3.8.1.jar;c:\maven.repo\liasu\ebox\struts\struts\1.2.4\struts-1.2.4.jar;c:\maven.repo\liasu\ebox\commons-beanutils\commons-beanutils\1.6.1\commons-beanutils-1.6.1.jar;c:\maven.repo\liasu\ebox\commons-collections\commons-collections\2.1\commons-collections-2.1.jar;c:\maven.repo\liasu\ebox\commons-digester\commons-digester\1.5\commons-digester-1.5.jar;c:\maven.repo\liasu\ebox\xml-apis\xml-apis\1.0.b2\xml-apis-1.0.b2.jar;c:\maven.repo\liasu\ebox\commons-fileupload\commons-fileupload\1.0\commons-fileupload-1.0.jar;c:\maven.repo\liasu\ebox\commons-logging\commons-logging\1.0.4\commons-logging-1.0.4.jar;c:\maven.repo\liasu\ebox\commons-validator\commons-validator\1.1.3\commons-validator-1.1.3.jar;c:\maven.repo\liasu\ebox\oro\oro\2.0.7\oro-2.0.7.jar;c:\maven.repo\liasu\ebox\antlr\antlr\2.7.2\antlr-2.7.2.jar;c:\maven.repo\liasu\ebox\commons-lang\commons-lang\2.0\commons-lang-2.0.jar;c:\maven.repo\liasu\ebox\javax\servlet\servlet-api\2.4\servlet-api-2.4.jar;c:\maven.repo\liasu\ebox\org\slf4j\slf4j-api\1.6.1\slf4j-api-1.6.1.jar;c:\maven.repo\liasu\ebox\strutstestcase\strutstestcase\2.1.2-1.1-2.3\strutstestcase-2.1.2-1.1-2.3.jar;c:\maven.repo\liasu\ebox\javax\servlet\jstl\1.1.0\jstl-1.1.0.jar;c:\maven.repo\liasu\ebox\javax\servlet\jsp-api\2.0\jsp-api-2.0.jar;c:\maven.repo\liasu\ebox\taglibs\standard\1.1.2\standard-1.1.2.jar;"/>
    <property name="java.vm.specification.version" value="1.7"/>
    <property name="sun.arch.data.model" value="64"/>
    <property name="java.home" value="c:\Program Files\Java\jdk1.7.0_45\jre"/>
    <property name="sun.java.command" value="c:\home\liasu\repository\pjm3\simpleDemo\target\surefire\surefirebooter8077151750121117654.jar c:\home\liasu\repository\pjm3\simpleDemo\target\surefire\surefire3900768471957459493tmp c:\home\liasu\repository\pjm3\simpleDemo\target\surefire\surefire3907892334717323414tmp"/>
    <property name="java.specification.vendor" value="Oracle Corporation"/>
    <property name="user.language" value="zh"/>
    <property name="awt.toolkit" value="sun.awt.windows.WToolkit"/>
    <property name="java.vm.info" value="mixed mode"/>
    <property name="java.version" value="1.7.0_45"/>
    <property name="java.ext.dirs" value="c:\Program Files\Java\jdk1.7.0_45\jre\lib\ext;C:\WINDOWS\Sun\Java\lib\ext"/>
    <property name="sun.boot.class.path" value="c:\Program Files\Java\jdk1.7.0_45\jre\lib\resources.jar;c:\Program Files\Java\jdk1.7.0_45\jre\lib\rt.jar;c:\Program Files\Java\jdk1.7.0_45\jre\lib\sunrsasign.jar;c:\Program Files\Java\jdk1.7.0_45\jre\lib\jsse.jar;c:\Program Files\Java\jdk1.7.0_45\jre\lib\jce.jar;c:\Program Files\Java\jdk1.7.0_45\jre\lib\charsets.jar;c:\Program Files\Java\jdk1.7.0_45\jre\lib\jfr.jar;c:\Program Files\Java\jdk1.7.0_45\jre\classes"/>
    <property name="java.vendor" value="Oracle Corporation"/>
    <property name="localRepository" value="c:\maven.repo\liasu\ebox"/>
    <property name="file.separator" value="\"/>
    <property name="java.vendor.url.bug" value="http://bugreport.sun.com/bugreport/"/>
    <property name="sun.cpu.endian" value="little"/>
    <property name="sun.io.unicode.encoding" value="UnicodeLittle"/>
    <property name="sun.desktop" value="windows"/>
    <property name="sun.cpu.isalist" value="amd64"/>
  </properties>
  <testcase time="32.451" classname="org.ttjhome.html.struts.TestCandidateAction" name="testList"/>
</testsuite>